[debug] [2021-04-09T11:09:46.665Z] ----------------------------------------------------------------------
[debug] [2021-04-09T11:09:46.669Z] Command:       C:\Program Files\nodejs\node.exe C:\Users\User\AppData\Roaming\npm\node_modules\firebase-tools\lib\bin\firebase.js deploy
[debug] [2021-04-09T11:09:46.670Z] CLI Version:   9.9.0
[debug] [2021-04-09T11:09:46.670Z] Platform:      win32
[debug] [2021-04-09T11:09:46.670Z] Node Version:  v14.15.2
[debug] [2021-04-09T11:09:46.671Z] Time:          Fri Apr 09 2021 04:09:46 GMT-0700 (Pacific Daylight Time)
[debug] [2021-04-09T11:09:46.672Z] ----------------------------------------------------------------------
[debug] 
[debug] [2021-04-09T11:09:46.676Z] >>> [apiv2][query] GET https://firebase-public.firebaseio.com/cli.json [none]
[debug] [2021-04-09T11:09:46.720Z] > command requires scopes: ["email","openid","https://www.googleapis.com/auth/cloudplatformprojects.readonly","https://www.googleapis.com/auth/firebase","https://www.googleapis.com/auth/cloud-platform"]
[debug] [2021-04-09T11:09:46.721Z] > authorizing via signed-in user (soroushrb6@gmail.com)
[debug] [2021-04-09T11:09:46.721Z] [iam] checking project alexandremashadi for permissions ["datastore.indexes.create","datastore.indexes.delete","datastore.indexes.list","datastore.indexes.update","firebase.projects.get","firebasedatabase.instances.update","firebasehosting.sites.update","firebaserules.releases.create","firebaserules.releases.update","firebaserules.rulesets.create"]
[debug] [2021-04-09T11:09:46.723Z] > refreshing access token with scopes: ["email","https://www.googleapis.com/auth/cloud-platform","https://www.googleapis.com/auth/cloudplatformprojects.readonly","https://www.googleapis.com/auth/firebase","openid"]
[debug] [2021-04-09T11:09:46.724Z] >>> HTTP REQUEST POST https://www.googleapis.com/oauth2/v3/token  
 <request body omitted>
[debug] [2021-04-09T11:09:47.560Z] <<< HTTP RESPONSE 200 {"date":"Fri, 09 Apr 2021 11:09:48 GMT","expires":"Mon, 01 Jan 1990 00:00:00 GMT","cache-control":"no-cache, no-store, max-age=0, must-revalidate","pragma":"no-cache","content-type":"application/json; charset=utf-8","vary":"X-Origin, Referer, Origin,Accept-Encoding","server":"scaffolding on HTTPServer2","x-xss-protection":"0","x-frame-options":"SAMEORIGIN","x-content-type-options":"nosniff","alt-svc":"h3-29=\":443\"; ma=2592000,h3-T051=\":443\"; ma=2592000,h3-Q050=\":443\"; ma=2592000,h3-Q046=\":443\"; ma=2592000,h3-Q043=\":443\"; ma=2592000,quic=\":443\"; ma=2592000; v=\"46,43\"","accept-ranges":"none","transfer-encoding":"chunked"}
[debug] [2021-04-09T11:09:47.603Z] >>> HTTP REQUEST POST https://cloudresourcemanager.googleapis.com/v1/projects/alexandremashadi:testIamPermissions  
 {"permissions":["datastore.indexes.create","datastore.indexes.delete","datastore.indexes.list","datastore.indexes.update","firebase.projects.get","firebasedatabase.instances.update","firebasehosting.sites.update","firebaserules.releases.create","firebaserules.releases.update","firebaserules.rulesets.create"]}
[debug] [2021-04-09T11:09:47.701Z] <<< [apiv2][status] GET https://firebase-public.firebaseio.com/cli.json 200
[debug] [2021-04-09T11:09:47.702Z] <<< [apiv2][body] GET https://firebase-public.firebaseio.com/cli.json {"cloudBuildErrorAfter":1594252800000,"cloudBuildWarnAfter":1590019200000,"defaultNode10After":1594252800000,"minVersion":"3.0.5","node8DeploysDisabledAfter":1613390400000,"node8RuntimeDisabledAfter":1615809600000,"node8WarnAfter":1600128000000}
[debug] [2021-04-09T11:09:48.401Z] <<< HTTP RESPONSE 200 {"content-type":"application/json; charset=UTF-8","vary":"X-Origin, Referer, Origin,Accept-Encoding","date":"Fri, 09 Apr 2021 11:09:49 GMT","server":"ESF","cache-control":"private","x-xss-protection":"0","x-frame-options":"SAMEORIGIN","x-content-type-options":"nosniff","server-timing":"gfet4t7; dur=39","alt-svc":"h3-29=\":443\"; ma=2592000,h3-T051=\":443\"; ma=2592000,h3-Q050=\":443\"; ma=2592000,h3-Q046=\":443\"; ma=2592000,h3-Q043=\":443\"; ma=2592000,quic=\":443\"; ma=2592000; v=\"46,43\"","accept-ranges":"none","transfer-encoding":"chunked"}
[debug] [2021-04-09T11:09:48.404Z] > refreshing access token with scopes: []
[debug] [2021-04-09T11:09:48.405Z] >>> HTTP REQUEST POST https://www.googleapis.com/oauth2/v3/token  
 <request body omitted>
[debug] [2021-04-09T11:09:49.029Z] <<< HTTP RESPONSE 200 {"cache-control":"no-cache, no-store, max-age=0, must-revalidate","date":"Fri, 09 Apr 2021 11:09:50 GMT","pragma":"no-cache","expires":"Mon, 01 Jan 1990 00:00:00 GMT","content-type":"application/json; charset=utf-8","vary":"X-Origin, Referer, Origin,Accept-Encoding","server":"scaffolding on HTTPServer2","x-xss-protection":"0","x-frame-options":"SAMEORIGIN","x-content-type-options":"nosniff","alt-svc":"h3-29=\":443\"; ma=2592000,h3-T051=\":443\"; ma=2592000,h3-Q050=\":443\"; ma=2592000,h3-Q046=\":443\"; ma=2592000,h3-Q043=\":443\"; ma=2592000,quic=\":443\"; ma=2592000; v=\"46,43\"","accept-ranges":"none","transfer-encoding":"chunked"}
[debug] [2021-04-09T11:09:49.068Z] >>> [apiv2][query] GET https://firebase.googleapis.com/v1beta1/projects/alexandremashadi [none]
[debug] [2021-04-09T11:09:49.977Z] <<< [apiv2][status] GET https://firebase.googleapis.com/v1beta1/projects/alexandremashadi 200
[debug] [2021-04-09T11:09:49.977Z] <<< [apiv2][body] GET https://firebase.googleapis.com/v1beta1/projects/alexandremashadi {"projectId":"alexandremashadi","projectNumber":"404696525185","displayName":"alexandremashadi","name":"projects/alexandremashadi","resources":{"hostingSite":"alexandremashadi","realtimeDatabaseInstance":"alexandremashadi-default-rtdb","storageBucket":"alexandremashadi.appspot.com","locationId":"us-central"},"state":"ACTIVE"}
[debug] [2021-04-09T11:09:49.979Z] >>> [apiv2][query] GET https://firebase.googleapis.com/v1beta1/projects/alexandremashadi [none]
[debug] [2021-04-09T11:09:50.705Z] <<< [apiv2][status] GET https://firebase.googleapis.com/v1beta1/projects/alexandremashadi 200
[debug] [2021-04-09T11:09:50.706Z] <<< [apiv2][body] GET https://firebase.googleapis.com/v1beta1/projects/alexandremashadi {"projectId":"alexandremashadi","projectNumber":"404696525185","displayName":"alexandremashadi","name":"projects/alexandremashadi","resources":{"hostingSite":"alexandremashadi","realtimeDatabaseInstance":"alexandremashadi-default-rtdb","storageBucket":"alexandremashadi.appspot.com","locationId":"us-central"},"state":"ACTIVE"}
[info] 
[info] === Deploying to 'alexandremashadi'...
[info] 
[info] i  deploying database, storage, firestore, hosting 
[info] i  database: checking rules syntax... 
[debug] [2021-04-09T11:09:50.729Z] > refreshing access token with scopes: ["email","https://www.googleapis.com/auth/cloud-platform","https://www.googleapis.com/auth/cloudplatformprojects.readonly","https://www.googleapis.com/auth/firebase","openid"]
[debug] [2021-04-09T11:09:50.730Z] >>> HTTP REQUEST POST https://www.googleapis.com/oauth2/v3/token  
 <request body omitted>
[debug] [2021-04-09T11:09:51.343Z] <<< HTTP RESPONSE 200 {"cache-control":"no-cache, no-store, max-age=0, must-revalidate","expires":"Mon, 01 Jan 1990 00:00:00 GMT","date":"Fri, 09 Apr 2021 11:09:52 GMT","pragma":"no-cache","content-type":"application/json; charset=utf-8","vary":"X-Origin, Referer, Origin,Accept-Encoding","server":"scaffolding on HTTPServer2","x-xss-protection":"0","x-frame-options":"SAMEORIGIN","x-content-type-options":"nosniff","alt-svc":"h3-29=\":443\"; ma=2592000,h3-T051=\":443\"; ma=2592000,h3-Q050=\":443\"; ma=2592000,h3-Q046=\":443\"; ma=2592000,h3-Q043=\":443\"; ma=2592000,quic=\":443\"; ma=2592000; v=\"46,43\"","accept-ranges":"none","transfer-encoding":"chunked"}
[debug] [2021-04-09T11:09:51.392Z] >>> HTTP REQUEST GET https://firebasedatabase.googleapis.com/v1beta/projects/alexandremashadi/locations/-/instances/alexandremashadi-default-rtdb  
 
[debug] [2021-04-09T11:09:52.451Z] <<< HTTP RESPONSE 200 {"content-type":"application/json; charset=UTF-8","vary":"X-Origin, Referer, Origin,Accept-Encoding","date":"Fri, 09 Apr 2021 11:09:53 GMT","server":"ESF","cache-control":"private","x-xss-protection":"0","x-frame-options":"SAMEORIGIN","x-content-type-options":"nosniff","alt-svc":"h3-29=\":443\"; ma=2592000,h3-T051=\":443\"; ma=2592000,h3-Q050=\":443\"; ma=2592000,h3-Q046=\":443\"; ma=2592000,h3-Q043=\":443\"; ma=2592000,quic=\":443\"; ma=2592000; v=\"46,43\"","accept-ranges":"none","transfer-encoding":"chunked"}
[debug] [2021-04-09T11:09:52.460Z] >>> HTTP REQUEST PUT https://alexandremashadi-default-rtdb.firebaseio.com/.settings/rules.json?dryRun=true  
 {
  "rules": {
    ".read": "now < 1619679600000",  // 2021-4-29
    ".write": "now < 1619679600000",  // 2021-4-29
  }
}
[debug] [2021-04-09T11:09:53.555Z] <<< HTTP RESPONSE 200 {"server":"nginx","date":"Fri, 09 Apr 2021 11:09:55 GMT","content-type":"application/json; charset=utf-8","content-length":"15","connection":"keep-alive","access-control-allow-origin":"*","cache-control":"no-cache","strict-transport-security":"max-age=31556926; includeSubDomains; preload"}
[info] +  database: rules syntax for database alexandremashadi-default-rtdb is valid 
[debug] [2021-04-09T11:09:53.558Z] >>> HTTP REQUEST GET https://appengine.googleapis.com/v1/apps/alexandremashadi  
 
[debug] [2021-04-09T11:09:54.494Z] <<< HTTP RESPONSE 200 {"content-type":"application/json; charset=UTF-8","vary":"X-Origin, Referer, Origin,Accept-Encoding","date":"Fri, 09 Apr 2021 11:09:55 GMT","server":"ESF","cache-control":"private","x-xss-protection":"0","x-frame-options":"SAMEORIGIN","x-content-type-options":"nosniff","alt-svc":"h3-29=\":443\"; ma=2592000,h3-T051=\":443\"; ma=2592000,h3-Q050=\":443\"; ma=2592000,h3-Q046=\":443\"; ma=2592000,h3-Q043=\":443\"; ma=2592000,quic=\":443\"; ma=2592000; v=\"46,43\"","accept-ranges":"none","transfer-encoding":"chunked"}
[info] i  firebase.storage: checking storage.rules for compilation errors... 
[debug] [2021-04-09T11:09:54.502Z] >>> HTTP REQUEST POST https://firebaserules.googleapis.com/v1/projects/alexandremashadi:test  
 {"source":{"files":[{"name":"storage.rules","content":"rules_version = '2';\nservice firebase.storage {\n  match /b/{bucket}/o {\n    match /{allPaths=**} {\n      allow read, write: if request.auth!=null;\n    }\n  }\n}\n"}]}}
[debug] [2021-04-09T11:09:55.555Z] <<< HTTP RESPONSE 200 {"content-type":"application/json; charset=UTF-8","vary":"X-Origin, Referer, Origin,Accept-Encoding","date":"Fri, 09 Apr 2021 11:09:57 GMT","server":"ESF","cache-control":"private","x-xss-protection":"0","x-frame-options":"SAMEORIGIN","x-content-type-options":"nosniff","alt-svc":"h3-29=\":443\"; ma=2592000,h3-T051=\":443\"; ma=2592000,h3-Q050=\":443\"; ma=2592000,h3-Q046=\":443\"; ma=2592000,h3-Q043=\":443\"; ma=2592000,quic=\":443\"; ma=2592000; v=\"46,43\"","accept-ranges":"none","transfer-encoding":"chunked"}
[info] +  firebase.storage: rules file storage.rules compiled successfully 
[info] i  firestore: reading indexes from firestore.indexes.json... 
[info] i  cloud.firestore: checking firestore.rules for compilation errors... 
[debug] [2021-04-09T11:09:55.573Z] >>> HTTP REQUEST POST https://firebaserules.googleapis.com/v1/projects/alexandremashadi:test  
 {"source":{"files":[{"name":"firestore.rules","content":"rules_version = '2';\nservice cloud.firestore {\n  match /databases/{database}/documents {\n    match /{document=**} {\n      allow read, write: if\n          request.time < timestamp.date(2021, 4, 29);\n    }\n  }\n}"}]}}
